To: ['emp002@company.com']
Subject: Payslip Correction Request Submitted: REQ0002

Hello Admin,

A new payslip correction request has been submitted by Test Employee (emp002@company.com) for 2025-11.

Request ID: REQ0002
Description:
Test notification

Please review the request in the admin panel.

Thanks,
HR System

---
To: ['emp002@company.com']
Subject: Payslip Correction Request Updated: REQ0002

Hello Test Employee,

Your payslip correction request REQ0002 status has changed to 'Resolved'.

If you have further questions, please contact HR.

Thanks,
HR System

---
To: ['first@gmail.com']
Subject: Payslip Correction Request Updated: REQ0001

Hello first,

Your payslip correction request REQ0001 status has changed to 'Resolved'.

If you have further questions, please contact HR.

Thanks,
HR System

---
To: ['first@gmail.com']
Subject: Payslip Correction Request Updated: REQ0002

Hello first,

Your payslip correction request REQ0002 status has changed to 'Resolved'.

If you have further questions, please contact HR.

Thanks,
HR System

---
To: ['emp002@company.com']
Subject: Payslip Correction Request Submitted: REQ0003

Hello Admin,

A new payslip correction request has been submitted by Test Employee (emp002@company.com) for 2025-11.

Request ID: REQ0003
Description:
Test notification

Please review the request in the admin panel.

Thanks,
HR System

---
To: ['emp002@company.com']
Subject: Payslip Correction Request Updated: REQ0003

Hello Test Employee,

Your payslip correction request REQ0003 status has changed to 'Resolved'.

If you have further questions, please contact HR.

Thanks,
HR System

---
To: ['first@gmail.com']
Subject: Payslip Correction Request Submitted: REQ0006

Hello Admin,

A new payslip correction request has been submitted by first (first@gmail.com) for 2025-11.

Request ID: REQ0006
Description:
This is wrong

Please review the request in the admin panel.

Thanks,
HR System

---
To: ['emp002@company.com']
Subject: Payslip Correction Request Submitted: REQ0008

Hello Admin,

A new payslip correction request has been submitted by Test Employee (emp002@company.com) for 2025-11.

Request ID: REQ0008
Description:
Test notification

Please review the request in the admin panel.

Thanks,
HR System

---
To: ['emp002@company.com']
Subject: Payslip Correction Request Updated: REQ0008

Hello Test Employee,

Your payslip correction request REQ0008 status has changed to 'Resolved'.

If you have further questions, please contact HR.

Thanks,
HR System

---
To: ['first@gmail.com']
Subject: Payslip Correction Request Updated: REQ0010

Hello first,

Your payslip correction request REQ0010 status has changed to 'Resolved'.

If you have further questions, please contact HR.

Thanks,
HR System

---
To: ['first@gmail.com']
Subject: Payslip Correction Request Updated: REQ0003

Hello first,

Your payslip correction request REQ0003 status has changed to 'Resolved'.

If you have further questions, please contact HR.

Thanks,
HR System

---
To: ['emp002@company.com']
Subject: Payslip Correction Request Submitted: REQ0013

Hello Admin,

A new payslip correction request has been submitted by Test Employee (emp002@company.com) for 2025-11.

Request ID: REQ0013
Description:
Test notification

Please review the request in the admin panel.

Thanks,
HR System

---
To: ['emp002@company.com']
Subject: Payslip Correction Request Updated: REQ0013

Hello Test Employee,

Your payslip correction request REQ0013 status has changed to 'Resolved'.

If you have further questions, please contact HR.

Thanks,
HR System

---
To: ['first@gmail.com']
Subject: Payslip Correction Request Updated: REQ0001

Hello first,

Your payslip correction request REQ0001 status has changed to 'Resolved'.

If you have further questions, please contact HR.

Thanks,
HR System

---
To: ['first@gmail.com']
Subject: Payslip Correction Request Updated: REQ0001

Hello first,

Your payslip correction request REQ0001 status has changed to 'Withdrawn'.

If you have further questions, please contact HR.

Thanks,
HR System

---
To: ['first@gmail.com']
Subject: Payslip Correction Request Updated: REQ0004

Hello first,

Your payslip correction request REQ0004 status has changed to 'Resolved'.

If you have further questions, please contact HR.

Thanks,
HR System

---
To: ['first@gmail.com']
Subject: Payslip Correction Request Updated: REQ0005

Hello first,

Your payslip correction request REQ0005 status has changed to 'Resolved'.

If you have further questions, please contact HR.

Thanks,
HR System

---
To: ['first@gmail.com']
Subject: Payslip Correction Request Updated: REQ0007

Hello first,

Your payslip correction request REQ0007 status has changed to 'Resolved'.

If you have further questions, please contact HR.

Thanks,
HR System

---
To: ['first@gmail.com']
Subject: Payslip Correction Request Updated: REQ0005

Hello first,

Your payslip correction request REQ0005 status has changed to 'Withdrawn'.

If you have further questions, please contact HR.

Thanks,
HR System

---
To: ['first@gmail.com']
Subject: Payslip Correction Request Updated: REQ0004

Hello first,

Your payslip correction request REQ0004 status has changed to 'Resolved'.

If you have further questions, please contact HR.

Thanks,
HR System

---
To: ['testing@gmail.com']
Subject: Payslip Correction Request Submitted: REQ0012

Hello Admin,

A new payslip correction request has been submitted by Testing  (testing@gmail.com) for 2026-01.

Request ID: REQ0012
Description:
Why give me extra bonus salary

Please review the request in the admin panel.

Thanks,
HR System

---
To: ['testing@gmail.com']
Subject: Payslip Correction Request Submitted: REQ0001

Hello Admin,

A new payslip correction request has been submitted by Testing  (testing@gmail.com) for 2026-01.

Request ID: REQ0001
Description:
I got more 1000 in my salary

Please review the request in the admin panel.

Thanks,
HR System

---
To: ['testing@gmail.com']
Subject: Payslip Correction Request Approved: REQ0001

Hello Testing ,

Your payslip correction request REQ0001 has been reviewed and approved.

Monthly Salary Assignment for 2026-01:
Assigned Salary: Rs. 6900.0

Admin Notes:
ok i changednit

Note: This updates your salary for the specified month only. Your base salary remains unchanged.

Thank you for your patience.

Thanks,
HR System

---
To: ['testing@gmail.com']
Subject: Payslip Correction Request Submitted: REQ0002

Hello Admin,

A new payslip correction request has been submitted by Testing  (testing@gmail.com) for 2026-02.

Request ID: REQ0002
Description:
i got 900 less in my salary

Please review the request in the admin panel.

Thanks,
HR System

---
To: ['testing@gmail.com']
Subject: Payslip Correction Request Rejected: REQ0002

Hello Testing ,

Your payslip correction request REQ0002 has been reviewed and rejected.

Reason for Rejection:
No, 
This is right salary amount which i assigned you, 
also i give you 100 more on your income

Please contact HR if you believe this is an error or would like to discuss further.

Thanks,
HR System

---
To: ['daverahardik43@gmail.com']
Subject: Payslip Correction Request Submitted: REQ0003

Hello Admin,

A new payslip correction request has been submitted by Testing  (daverahardik43@gmail.com) for 2026-02.

Request ID: REQ0003
Description:
this is my request

Please review the request in the admin panel.

Thanks,
HR System

---
To: ['daverahardik43@gmail.com']
Subject: Payslip Correction Request Updated: REQ0003

Hello Testing ,

Your payslip correction request REQ0003 status has changed to 'Withdrawn'.

If you have further questions, please contact HR.

Thanks,
HR System

---
To: ['daverahardik@gmail.com']
Subject: Payslip Correction Request Submitted: REQ0004

Hello Admin,

A new payslip correction request has been submitted by Testing  (daverahardik@gmail.com) for 2026-02.

Request ID: REQ0004
Description:
i want more

Please review the request in the admin panel.

Thanks,
HR System

---
To: ['daverahardik@gmail.com']
Subject: Payslip Correction Request Submitted: REQ0005

Hello Admin,

A new payslip correction request has been submitted by Testing  (daverahardik@gmail.com) for 2026-02.

Request ID: REQ0005
Description:
check

Please review the request in the admin panel.

Thanks,
HR System

---
To: ['daverahardik@gmail.com']
Subject: Payslip Correction Request Submitted: REQ0006

Hello Admin,

A new payslip correction request has been submitted by Testing  (daverahardik@gmail.com) for 2026-04.

Request ID: REQ0006
Description:
this check

Please review the request in the admin panel.

Thanks,
HR System

---
To: ['daverahardik@gmail.com']
Subject: Payslip Correction Request Submitted: REQ0007

Hello Admin,

A new payslip correction request has been submitted by Testing  (daverahardik@gmail.com) for 2026-02.

Request ID: REQ0007
Description:
this is another check

Please review the request in the admin panel.

Thanks,
HR System

---
To: ['daverahardik@gmail.com']
Subject: Payslip Correction Request Submitted: REQ0008

Hello Admin,

A new payslip correction request has been submitted by Testing  (daverahardik@gmail.com) for 2026-03.

Request ID: REQ0008
Description:
yes

Please review the request in the admin panel.

Thanks,
HR System

---
To: ['daverahardik@gmail.com']
Subject: Payslip Correction Request Submitted: REQ0009

Hello Admin,

A new payslip correction request has been submitted by Testing  (daverahardik@gmail.com) for 2026-03.

Request ID: REQ0009
Description:
uhe

Please review the request in the admin panel.

Thanks,
HR System

---
To: ['daverahardik@gmail.com']
Subject: Payslip Correction Request Submitted: REQ0010

Hello Admin,

A new payslip correction request has been submitted by Testing  (daverahardik@gmail.com) for 2026-04.

Request ID: REQ0010
Description:
bkj

Please review the request in the admin panel.

Thanks,
HR System
